\BOOKMARK [1][-]{section.1}{Input File}{}% 1
\BOOKMARK [1][-]{section.2}{Initialisation}{}% 2
\BOOKMARK [2][-]{subsection.2.1}{Preliminaries}{section.2}% 3
\BOOKMARK [2][-]{subsection.2.2}{Declare domain}{section.2}% 4
\BOOKMARK [2][-]{subsection.2.3}{Neighbor Listing}{section.2}% 5
\BOOKMARK [1][-]{section.3}{Setup}{}% 6
\BOOKMARK [2][-]{subsection.3.1}{Material and Interaction Properties required}{section.3}% 7
\BOOKMARK [2][-]{subsection.3.2}{Particle Insertion}{section.3}% 8
\BOOKMARK [3][-]{subsubsection.3.2.1}{Particle Template}{subsection.3.2}% 9
\BOOKMARK [3][-]{subsubsection.3.2.2}{Particle Particle Distribution Template}{subsection.3.2}% 10
\BOOKMARK [3][-]{subsubsection.3.2.3}{Region of Insertion}{subsection.3.2}% 11
\BOOKMARK [3][-]{subsubsection.3.2.4}{Particle Insertion Method}{subsection.3.2}% 12
\BOOKMARK [3][-]{subsubsection.3.2.5}{Importing Mesh From CAD}{subsection.3.2}% 13
\BOOKMARK [3][-]{subsubsection.3.2.6}{Use of Imported Mesh as Granular Wall}{subsection.3.2}% 14
\BOOKMARK [3][-]{subsubsection.3.2.7}{Creating primitives shapes to use as Walls}{subsection.3.2}% 15
\BOOKMARK [3][-]{subsubsection.3.2.8}{Defining the Physics}{subsection.3.2}% 16
\BOOKMARK [1][-]{section.4}{Detailed Settings}{}% 17
\BOOKMARK [2][-]{subsection.4.1}{Integrator}{section.4}% 18
\BOOKMARK [2][-]{subsection.4.2}{Gravity}{section.4}% 19
\BOOKMARK [2][-]{subsection.4.3}{Timestep}{section.4}% 20
\BOOKMARK [2][-]{subsection.4.4}{Thermodynamic output settings}{section.4}% 21
\BOOKMARK [2][-]{subsection.4.5}{Check, time sttep and Initialising dump file}{section.4}% 22
\BOOKMARK [2][-]{subsection.4.6}{Create Imaging Information}{section.4}% 23
\BOOKMARK [1][-]{section.5}{Execution and Furthur Settings}{}% 24
\BOOKMARK [2][-]{subsection.5.1}{Run}{section.5}% 25
