\BOOKMARK [0][-]{chapter*.4}{\376\377\000I\000n\000t\000r\000o\000d\000u\000c\000t\000i\000o\000n}{}% 1
\BOOKMARK [1][-]{section*.5}{\376\377\000F\000i\000g\000u\000r\000e\000s}{chapter*.4}% 2
\BOOKMARK [1][-]{section*.7}{\376\377\000T\000a\000b\000l\000e\000s}{chapter*.4}% 3
\BOOKMARK [0][-]{chapter*.9}{\376\377\000W\000o\000r\000k\000i\000n\000g\000\040\000W\000i\000t\000h\000\040\000U\000b\000u\000n\000t\000u}{}% 4
\BOOKMARK [1][-]{section*.10}{\376\377\000I\000n\000t\000r\000o\000d\000u\000c\000t\000i\000o\000n}{chapter*.9}% 5
\BOOKMARK [1][-]{section*.15}{\376\377\000T\000e\000r\000m\000i\000n\000a\000l}{chapter*.9}% 6
\BOOKMARK [0][-]{chapter*.27}{\376\377\000W\000o\000r\000k\000i\000n\000g\000\040\000w\000i\000t\000h\000\040\000L\000I\000G\000G\000G\000H\000T\000S}{}% 7
\BOOKMARK [1][-]{section*.28}{\376\377\000I\000n\000t\000r\000o\000d\000u\000c\000t\000i\000o\000n}{chapter*.27}% 8
\BOOKMARK [1][-]{section*.29}{\376\377\000E\000x\000a\000m\000p\000l\000e\000\040\000S\000c\000r\000i\000p\000t\000s}{chapter*.27}% 9
\BOOKMARK [1][-]{section*.32}{\376\377\000C\000o\000n\000v\000e\000r\000t\000i\000n\000g\000\040\000t\000h\000e\000\040\000f\000i\000l\000e\000s}{chapter*.27}% 10
\BOOKMARK [1][-]{section*.34}{\376\377\000U\000s\000i\000n\000g\000\040\000P\000a\000r\000a\000v\000i\000e\000w}{chapter*.27}% 11
\BOOKMARK [1][-]{section*.38}{\376\377\000O\000p\000e\000n\000i\000n\000g\000\040\000t\000h\000e\000\040\000i\000n\000p\000u\000t\000\040\000f\000i\000l\000e}{chapter*.27}% 12
\BOOKMARK [1][-]{section*.41}{\376\377\000D\000i\000f\000f\000e\000r\000e\000n\000t\000\040\000F\000i\000l\000e\000s\000\040\000a\000n\000d\000\040\000f\000o\000r\000m\000a\000t\000\040}{chapter*.27}% 13
\BOOKMARK [1][-]{section*.42}{\376\377\000A\000n\000a\000t\000o\000m\000y\000\040\000o\000f\000\040\000i\000n\000p\000u\000t\000\040\000f\000i\000l\000e}{chapter*.27}% 14
\BOOKMARK [0][-]{chapter*.48}{\376\377\000M\000a\000k\000i\000n\000g\000\040\000y\000o\000u\000r\000\040\000o\000w\000n\000\040\000S\000i\000m\000u\000l\000a\000t\000i\000o\000n}{}% 15
\BOOKMARK [1][-]{section*.49}{\376\377\000P\000r\000e\000-\000r\000e\000q\000u\000i\000s\000i\000t\000e\000s}{chapter*.48}% 16
\BOOKMARK [1][-]{section*.51}{\376\377\000S\000t\000e\000p\000s\000\040\000I\000n\000v\000o\000l\000v\000e\000d}{chapter*.48}% 17
\BOOKMARK [1][-]{section*.52}{\376\377\000T\000h\000e\000\040\000T\000a\000l\000e\000\040\000o\000f\000\040\000F\000e\000e\000d\000F\000r\000a\000m\000e}{chapter*.48}% 18
\BOOKMARK [1][-]{section*.63}{\376\377\000E\000r\000r\000o\000r\000s\000,\000\040\000E\000r\000r\000o\000r\000s\000\040\000E\000v\000e\000r\000y\000w\000h\000e\000r\000e}{chapter*.48}% 19
\BOOKMARK [1][-]{section*.67}{\376\377\000S\000u\000m\000m\000a\000r\000y}{chapter*.48}% 20
\BOOKMARK [0][-]{chapter*.68}{\376\377\000F\000u\000r\000t\000h\000e\000r\000\040\000R\000e\000s\000o\000u\000r\000c\000e\000s\000\040\000\046\000\040\000E\000n\000d\000i\000n\000g\000\040\000N\000o\000t\000e}{}% 21
\BOOKMARK [1][-]{section*.69}{\376\377\000F\000u\000r\000t\000h\000e\000r\000\040\000S\000t\000u\000d\000y\000i\000n\000g}{chapter*.68}% 22
\BOOKMARK [1][-]{section*.70}{\376\377\000R\000a\000t\000i\000o\000n\000a\000l\000e\000\040\000b\000e\000h\000i\000n\000d\000\040\000w\000o\000r\000k\000i\000n\000g\000\040\000L\000a\000T\000e\000X}{chapter*.68}% 23
\BOOKMARK [0][-]{chapter*.71}{\376\377\000B\000i\000b\000l\000i\000o\000g\000r\000a\000p\000h\000y}{}% 24
\BOOKMARK [0][-]{chapter*.72}{\376\377\000I\000n\000d\000e\000x}{}% 25
